#!/bin/bash

## $Header: $
## Source:
## @file vclogin/config/slurm/1.mk-slurm-dirs-slurmd.log

VCLOAD=../../../provision/loader/shload.sh

if [ ! -f "${VCLOAD}" ] ; then
  echo "${0}: missing: ${VCLOAD}"
  exit 99
fi
source ${VCLOAD}

# if we're given an argument, append test output to it
declare -x OUT=${1:-""}

if [ -n "${OUT}" ] ; then
  touch ${OUT} || exit 1
fi

exec > >(tee -a "${OUT}") 2>&1

Rc ErrExit 2 "mkdir -p /var/log/slurm /var/spool/slurm /var/run/slurm"
Rc ErrExit 3 "touch /var/log/slurm/slurmd.log"

trap '' 0
exit ${EX_OK}
