==> vcgate: Attempting graceful shutdown of VM...
    vcgate: Guest communication could not be established! This is usually because
    vcgate: SSH is not running, the authentication information was changed,
    vcgate: or some other networking issue. Vagrant will force halt, if
    vcgate: capable.
==> vcgate: Forcing shutdown of VM...
==> vcgate: Running action triggers before destroy ...
==> vcgate: Running trigger...
    vcgate: Running local script: ../common/bin/unprovision.sh
==> vcgate: Destroying VM and associated drives...
==> vc2: Attempting graceful shutdown of VM...
    vc2: Guest communication could not be established! This is usually because
    vc2: SSH is not running, the authentication information was changed,
    vc2: or some other networking issue. Vagrant will force halt, if
    vc2: capable.
==> vc2: Forcing shutdown of VM...
==> vc2: Running action triggers before destroy ...
==> vc2: Running trigger...
    vc2: Running local script: ../common/bin/unprovision.sh
==> vc2: Destroying VM and associated drives...
==> vcaltdb: Attempting graceful shutdown of VM...
    vcaltdb: Guest communication could not be established! This is usually because
    vcaltdb: SSH is not running, the authentication information was changed,
    vcaltdb: or some other networking issue. Vagrant will force halt, if
    vcaltdb: capable.
==> vcaltdb: Forcing shutdown of VM...
==> vcaltdb: Running action triggers before destroy ...
==> vcaltdb: Running trigger...
    vcaltdb: Running local script: ../common/bin/unprovision.sh
==> vcaltdb: Destroying VM and associated drives...
==> vcdb: Attempting graceful shutdown of VM...
    vcdb: Guest communication could not be established! This is usually because
    vcdb: SSH is not running, the authentication information was changed,
    vcdb: or some other networking issue. Vagrant will force halt, if
    vcdb: capable.
==> vcdb: Forcing shutdown of VM...
==> vcdb: Running action triggers before destroy ...
==> vcdb: Running trigger...
    vcdb: Running local script: ../common/bin/unprovision.sh
==> vcdb: Destroying VM and associated drives...
==> vc1: Attempting graceful shutdown of VM...
    vc1: Guest communication could not be established! This is usually because
    vc1: SSH is not running, the authentication information was changed,
    vc1: or some other networking issue. Vagrant will force halt, if
    vc1: capable.
==> vc1: Forcing shutdown of VM...
==> vc1: Running action triggers before destroy ...
==> vc1: Running trigger...
    vc1: Running local script: ../common/bin/unprovision.sh
==> vc1: Destroying VM and associated drives...
==> vcbuild: Attempting graceful shutdown of VM...
    vcbuild: Guest communication could not be established! This is usually because
    vcbuild: SSH is not running, the authentication information was changed,
    vcbuild: or some other networking issue. Vagrant will force halt, if
    vcbuild: capable.
==> vcbuild: Forcing shutdown of VM...
==> vcbuild: Running action triggers before destroy ...
==> vcbuild: Running trigger...
    vcbuild: Running local script: ../common/bin/unprovision.sh
==> vcbuild: Destroying VM and associated drives...
==> vclogin: Attempting graceful shutdown of VM...
    vclogin: Guest communication could not be established! This is usually because
    vclogin: SSH is not running, the authentication information was changed,
    vclogin: or some other networking issue. Vagrant will force halt, if
    vclogin: capable.
==> vclogin: Forcing shutdown of VM...
==> vclogin: Running action triggers before destroy ...
==> vclogin: Running trigger...
    vclogin: Running local script: ../common/bin/unprovision.sh
==> vclogin: Destroying VM and associated drives...
==> vcsvc: Attempting graceful shutdown of VM...
    vcsvc: Guest communication could not be established! This is usually because
    vcsvc: SSH is not running, the authentication information was changed,
    vcsvc: or some other networking issue. Vagrant will force halt, if
    vcsvc: capable.
==> vcsvc: Forcing shutdown of VM...
==> vcsvc: Running action triggers before destroy ...
==> vcsvc: Running trigger...
    vcsvc: Running local script: ../common/bin/unprovision.sh
==> vcsvc: Destroying VM and associated drives...
==> vcsched: Attempting graceful shutdown of VM...
    vcsched: Guest communication could not be established! This is usually because
    vcsched: SSH is not running, the authentication information was changed,
    vcsched: or some other networking issue. Vagrant will force halt, if
    vcsched: capable.
==> vcsched: Forcing shutdown of VM...
==> vcsched: Running action triggers before destroy ...
==> vcsched: Running trigger...
    vcsched: Running local script: ../common/bin/unprovision.sh
==> vcsched: Destroying VM and associated drives...
==> vcfs: Attempting graceful shutdown of VM...
==> vcfs: Running action triggers before destroy ...
==> vcfs: Running trigger...
    vcfs: Running local script: ../common/bin/unprovision.sh
==> vcfs: Destroying VM and associated drives...
