configure: WARNING: unrecognized options: --enable-pam, --without-ofed, --without-nvml, --with-rrdtool, --without-datawarp, --disable-optimizations, --enable-pam
checking for perl... perl

============================================================================
== Configuring Open MPI
============================================================================

*** Startup tests
checking build system type... x86_64-unknown-linux-gnu
checking host system type... x86_64-unknown-linux-gnu
checking target system type... x86_64-unknown-linux-gnu
checking for gcc... gcc
checking whether the C compiler works... yes
checking for C compiler default output file name... a.out
checking for suffix of executables... 
checking whether we are cross compiling... no
checking for suffix of object files... o
checking whether we are using the GNU C compiler... yes
checking whether gcc accepts -g... yes
checking for gcc option to accept ISO C89... none needed
checking whether gcc understands -c and -o together... yes
checking how to run the C preprocessor... gcc -E
checking for grep that handles long lines and -e... /usr/bin/grep
checking for egrep... /usr/bin/grep -E
checking for ANSI C header files... yes
checking for sys/types.h... yes
checking for sys/stat.h... yes
checking for stdlib.h... yes
checking for string.h... yes
checking for memory.h... yes
checking for strings.h... yes
checking for inttypes.h... yes
checking for stdint.h... yes
checking for unistd.h... yes
checking minix/config.h usability... no
checking minix/config.h presence... no
checking for minix/config.h... no
checking whether it is safe to define __EXTENSIONS__... yes
checking for a BSD-compatible install... /usr/bin/install -c
checking whether build environment is sane... yes
checking for a thread-safe mkdir -p... /usr/bin/mkdir -p
checking for gawk... gawk
checking whether make sets $(MAKE)... yes
checking for style of include used by make... GNU
checking whether make supports nested variables... yes
checking whether UID '24800' is supported by ustar format... yes
checking whether GID '24800' is supported by ustar format... yes
checking how to create a ustar tar archive... gnutar
checking dependency style of gcc... gcc3
checking whether make supports nested variables... (cached) yes

*** Checking versions
checking for repo version... v4.0.2
checking Open MPI version... 4.0.2
checking Open MPI release date... Oct 07, 2019
checking Open MPI repository version... v4.0.2
checking for repo version... v4.0.2
checking Open MPI Run-Time Environment version... 4.0.2
checking Open MPI Run-Time Environment release date... Oct 07, 2019
checking Open MPI Run-Time Environment repository version... v4.0.2
checking for repo version... v4.0.2
checking Open SHMEM version... 4.0.2
checking Open SHMEM release date... Oct 07, 2019
checking Open SHMEM repository version... v4.0.2
checking for repo version... v4.0.2
checking Open Portable Access Layer version... 4.0.2
checking Open Portable Access Layer release date... Oct 07, 2019
checking Open Portable Access Layer repository version... v4.0.2
checking for bootstrap Autoconf version... 2.69
checking for bootstrap Automake version... 1.15
checking for boostrap Libtool version... 2.4.6

*** Initialization, setup
configure: builddir: /tc/build/openmpi-4.0.2
configure: srcdir: /tc/build/openmpi-4.0.2
checking for prefix by checking for opal_clean... no
installing to directory "/usr/local"

*** OPAL Configuration options
checking if want to run code coverage... no
checking if want to compile with branch probabilities... no
checking if want to debug memory usage... no
checking if want to profile memory usage... no
checking if want developer-level compiler pickyness... no
checking if want developer-level debugging code... yes
checking if want to developer-level timing framework... no
checking if want to install project-internal header files... no
checking if want pretty-print stacktrace... yes
checking if want pty support... yes
checking if want weak symbol support... yes
checking if want dlopen support... yes
checking for default value of mca_base_component_show_load_errors... enabled by default
checking if want heterogeneous support... no
checking if word-sized integers must be word-size aligned... no
checking if want IPv6 support... no
checking if want package/brand string... Open MPI sts@tc0 Distribution
checking if want ident string... 4.0.2
checking if want to use an alternative checksum algo for messages... no
checking maximum length of processor name... 256
checking maximum length of error string... 256
checking maximum length of object name... 64
checking maximum length of info key... 36
checking maximum length of info val... 256
checking maximum length of port name... 1024
checking maximum length of datarep string... 128
checking if want getpwuid support... yes
checking for zlib in... (default search paths)
checking zlib.h usability... yes
checking zlib.h presence... yes
checking for zlib.h... yes
looking for library without search path
checking for library containing deflate... -lz
checking if libz requires libnl v1 or v3... 
checking will zlib support be built... yes
checking __NetBSD__... no
checking __FreeBSD__... no
checking __OpenBSD__... no
checking __DragonFly__... no
checking __386BSD__... no
checking __bsdi__... no
checking __APPLE__... no
checking __linux__... yes
checking __sun__... no
checking __sun... no
checking netdb.h usability... yes
checking netdb.h presence... yes
checking for netdb.h... yes
checking netinet/in.h usability... yes
checking netinet/in.h presence... yes
checking for netinet/in.h... yes
checking netinet/tcp.h usability... yes
checking netinet/tcp.h presence... yes
checking for netinet/tcp.h... yes
checking for struct sockaddr_in... yes
checking if --with-cuda is set... not set (--with-cuda=)
checking whether CU_POINTER_ATTRIBUTE_SYNC_MEMOPS is declared... no
checking whether cuPointerGetAttributes is declared... no
checking if have cuda support... no
checking if user requested PMI support... no
checking if user requested internal PMIx support()... no
checking for pmix.h in /usr... not found
checking for pmix.h in /usr/include... found
checking libpmix.* in /usr/lib64... found
checking PMIx version... version file not found - assuming v1.1.4

*** ORTE Configuration options
checking if want orterun "--prefix" behavior to be enabled by default... no

*** OMPI Configuration options
checking if want compile-time warnings inside of mpi.h... yes
checking if want sparse process groups... no
checking if want peruse support... no
checking if want Fortran MPI bindings...  (try)
checking if want C++ bindings... no
checking if want MPI::SEEK_SET support... yes
checking if want run-time MPI parameter checking... runtime

*** OSHMEM Configuration options
checking if want oshmem... yes
checking if want SGI/Quadrics compatibility mode... yes
checking if want OSHMEM API parameter checking... always
checking for on_exit... yes
checking if want pshmem... yes
checking if want to build OSHMEM fortran bindings... yes
no
checking if want custom libmpi(_FOO) name... mpi
checking if want wrapper compiler rpath support... yes
checking if want wrapper compiler runpath support... yes

============================================================================
== Compiler and preprocessor tests
============================================================================

*** C compiler and preprocessor
checking for gcc... (cached) gcc
checking whether we are using the GNU C compiler... (cached) yes
checking whether gcc accepts -g... (cached) yes
checking for gcc option to accept ISO C89... (cached) none needed
checking whether gcc understands -c and -o together... (cached) yes
checking if gcc requires a flag for C11... yes
configure: checking if gcc supports C11 with a flag
checking if gcc -std=gnu11 supports C11 _Thread_local... no
checking if gcc -std=gnu11 supports C11 atomic variables... 