[2019-10-25T17:47:26.363] slurmctld version 19.05.3-2 started on cluster tc
[2019-10-25T17:47:26.364] Munge credential signature plugin loaded
[2019-10-25T17:47:26.366] Consumable Resources (CR) Node Selection plugin loaded with argument 1
[2019-10-25T17:47:26.369] select/cons_tres loaded with argument 1
[2019-10-25T17:47:26.371] Cray/Aries node selection plugin loaded
[2019-10-25T17:47:26.374] Linear node selection plugin loaded with argument 1
[2019-10-25T17:47:26.376] preempt/qos loaded
[2019-10-25T17:47:26.379] error: Couldn't find the specified plugin name for job_submit/lua looking at all files
[2019-10-25T17:47:26.384] error: cannot find job_submit plugin for job_submit/lua
[2019-10-25T17:47:26.386] error: cannot create job_submit context for job_submit/lua
[2019-10-25T17:47:26.389] fatal: failed to initialize job_submit plugin
[2019-10-25T17:47:49.993] pidfile not locked, assuming no running daemon
[2019-10-25T17:47:49.994] slurmctld version 19.05.3-2 started on cluster tc
[2019-10-25T17:47:49.996] Munge credential signature plugin loaded
[2019-10-25T17:47:49.999] Consumable Resources (CR) Node Selection plugin loaded with argument 1
[2019-10-25T17:47:50.001] select/cons_tres loaded with argument 1
[2019-10-25T17:47:50.004] Cray/Aries node selection plugin loaded
[2019-10-25T17:47:50.007] Linear node selection plugin loaded with argument 1
[2019-10-25T17:47:50.009] preempt/qos loaded
[2019-10-25T17:47:50.012] ExtSensors NONE plugin loaded
[2019-10-25T17:47:50.015] Accounting storage SLURMDBD plugin loaded
[2019-10-25T17:47:50.020] error: slurm_persist_conn_open_without_init: failed to open persistent connection to localhost:6819: Connection refused
[2019-10-25T17:47:50.023] error: slurmdbd: Sending PersistInit msg: Connection refused
[2019-10-25T17:47:50.026] error: Association database appears down, reading from state file.
[2019-10-25T17:47:50.029] error: slurmdbd: Sending PersistInit msg: Connection refused
[2019-10-25T17:47:50.031] error: Unable to get any information from the state file
[2019-10-25T17:47:50.034] fatal: slurmdbd and/or database must be up at slurmctld start time
[2019-10-25T17:48:41.512] pidfile not locked, assuming no running daemon
[2019-10-25T17:48:41.512] slurmctld version 19.05.3-2 started on cluster tc
[2019-10-25T17:48:41.515] Munge credential signature plugin loaded
[2019-10-25T17:48:41.518] Consumable Resources (CR) Node Selection plugin loaded with argument 1
[2019-10-25T17:48:41.521] select/cons_tres loaded with argument 1
[2019-10-25T17:48:41.524] Cray/Aries node selection plugin loaded
[2019-10-25T17:48:41.526] Linear node selection plugin loaded with argument 1
[2019-10-25T17:48:41.529] preempt/qos loaded
[2019-10-25T17:48:41.532] ExtSensors NONE plugin loaded
[2019-10-25T17:48:41.535] Accounting storage SLURMDBD plugin loaded
[2019-10-25T17:48:42.046] No memory enforcing mechanism configured.
[2019-10-25T17:48:42.049] layouts: no layout to initialize
[2019-10-25T17:48:42.052] topology NONE plugin loaded
[2019-10-25T17:48:42.070] sched: Backfill scheduler plugin loaded
[2019-10-25T17:48:42.071] route default plugin loaded
[2019-10-25T17:48:42.273] error: Unable to resolve "tc01": Unknown host
[2019-10-25T17:48:42.277] error: _set_slurmd_addr: failure on tc01
[2019-10-25T17:48:42.431] error: Unable to resolve "tc02": Unknown host
[2019-10-25T17:48:42.435] error: _set_slurmd_addr: failure on tc02
[2019-10-25T17:48:42.440] layouts: loading entities/relations information
[2019-10-25T17:48:42.443] error: Could not open node state file /var/spool/slurm/state/node_state: No such file or directory
[2019-10-25T17:48:42.445] error: NOTE: Trying backup state save file. Information may be lost!
[2019-10-25T17:48:42.448] No node state file (/var/spool/slurm/state/node_state.old) to recover
[2019-10-25T17:48:42.452] error: Could not open job state file /var/spool/slurm/state/job_state: No such file or directory
[2019-10-25T17:48:42.455] error: NOTE: Trying backup state save file. Jobs may be lost!
[2019-10-25T17:48:42.458] No job state file (/var/spool/slurm/state/job_state.old) to recover
[2019-10-25T17:48:42.460] cons_res: select_p_node_init
[2019-10-25T17:48:42.463] cons_res: preparing for 2 partitions
[2019-10-25T17:48:42.468] error: Could not open reservation state file /var/spool/slurm/state/resv_state: No such file or directory
[2019-10-25T17:48:42.471] error: NOTE: Trying backup state save file. Reservations may be lost
[2019-10-25T17:48:42.493] No reservation state file (/var/spool/slurm/state/resv_state.old) to recover
[2019-10-25T17:48:42.497] error: Could not open trigger state file /var/spool/slurm/state/trigger_state: No such file or directory
[2019-10-25T17:48:42.500] error: NOTE: Trying backup state save file. Triggers may be lost!
[2019-10-25T17:48:42.503] No trigger state file (/var/spool/slurm/state/trigger_state.old) to recover
[2019-10-25T17:48:42.505] _preserve_plugins: backup_controller not specified
[2019-10-25T17:48:42.508] Reinitializing job accounting state
[2019-10-25T17:48:42.511] Ending any jobs in accounting that were running when controller went down on
[2019-10-25T17:48:42.513] cons_res: select_p_reconfigure
[2019-10-25T17:48:42.516] cons_res: select_p_node_init
[2019-10-25T17:48:42.519] cons_res: preparing for 2 partitions
[2019-10-25T17:48:42.521] Running as primary controller
[2019-10-25T17:48:42.524] Registering slurmctld at port 6817 with slurmdbd.
[2019-10-25T17:48:42.731] error: No fed_mgr state file (/var/spool/slurm/state/fed_mgr_state) to recover
[2019-10-25T17:48:42.898] No last decay (/var/spool/slurm/state/priority_last_decay_ran) to recover
[2019-10-25T17:48:42.902] No parameter for mcs plugin, default values set
[2019-10-25T17:48:42.906] mcs: MCSParameters = (null). ondemand set.
[2019-10-25T17:48:50.686] Terminate signal (SIGINT or SIGTERM) received
[2019-10-25T17:48:50.713] Saving all slurm state
[2019-10-25T17:48:50.721] error: Could not open job state file /var/spool/slurm/state/job_state: No such file or directory
[2019-10-25T17:48:50.724] error: NOTE: Trying backup state save file. Jobs may be lost!
[2019-10-25T17:48:50.729] No job state file (/var/spool/slurm/state/job_state.old) found
[2019-10-25T17:48:51.006] slurmdbd: saved 0 pending RPCs
[2019-10-25T17:48:51.113] layouts: all layouts are now unloaded.
[2019-10-25T17:48:54.162] Dropped 1 hung communications to shutdown
[2019-10-25T17:48:54.165] Slurmctld shutdown completing with 1 active agent thread
[2019-10-25T17:49:19.806] slurmctld version 19.05.3-2 started on cluster tc
[2019-10-25T17:49:19.806] Munge credential signature plugin loaded
[2019-10-25T17:49:19.809] Consumable Resources (CR) Node Selection plugin loaded with argument 1
[2019-10-25T17:49:19.812] select/cons_tres loaded with argument 1
[2019-10-25T17:49:19.815] Cray/Aries node selection plugin loaded
[2019-10-25T17:49:19.818] Linear node selection plugin loaded with argument 1
[2019-10-25T17:49:19.820] preempt/qos loaded
[2019-10-25T17:49:19.823] ExtSensors NONE plugin loaded
[2019-10-25T17:49:19.827] Accounting storage SLURMDBD plugin loaded
[2019-10-25T17:49:19.833] slurmdbd: recovered 0 pending RPCs
[2019-10-25T17:49:20.336] No memory enforcing mechanism configured.
[2019-10-25T17:49:20.339] layouts: no layout to initialize
[2019-10-25T17:49:20.342] topology NONE plugin loaded
[2019-10-25T17:49:20.366] sched: Backfill scheduler plugin loaded
[2019-10-25T17:49:20.367] route default plugin loaded
[2019-10-25T17:49:20.371] layouts: loading entities/relations information
[2019-10-25T17:49:20.375] error: _find_node_record(756): lookup failure for tc01
[2019-10-25T17:49:20.378] error: Node tc01 has vanished from configuration
[2019-10-25T17:49:20.380] error: _find_node_record(756): lookup failure for tc02
[2019-10-25T17:49:20.383] error: Node tc02 has vanished from configuration
[2019-10-25T17:49:20.386] Recovered state of 2 nodes
[2019-10-25T17:49:20.388] Down nodes: tc-fs,tc0
[2019-10-25T17:49:20.393] Recovered information about 0 jobs
[2019-10-25T17:49:20.396] cons_res: select_p_node_init
[2019-10-25T17:49:20.399] cons_res: preparing for 2 partitions
[2019-10-25T17:49:20.404] Recovered state of 0 reservations
[2019-10-25T17:49:20.408] State of 0 triggers recovered
[2019-10-25T17:49:20.411] _preserve_plugins: backup_controller not specified
[2019-10-25T17:49:20.414] cons_res: select_p_reconfigure
[2019-10-25T17:49:20.416] cons_res: select_p_node_init
[2019-10-25T17:49:20.419] cons_res: preparing for 2 partitions
[2019-10-25T17:49:20.422] Running as primary controller
[2019-10-25T17:49:20.424] Registering slurmctld at port 6817 with slurmdbd.
[2019-10-25T17:49:20.727] No parameter for mcs plugin, default values set
[2019-10-25T17:49:20.732] mcs: MCSParameters = (null). ondemand set.
[2019-10-25T17:49:27.772] Terminate signal (SIGINT or SIGTERM) received
[2019-10-25T17:49:27.811] Saving all slurm state
[2019-10-25T17:49:29.006] slurmdbd: saved 0 pending RPCs
[2019-10-25T17:49:29.117] layouts: all layouts are now unloaded.
[2019-10-25T17:49:32.152] Dropped 1 hung communications to shutdown
[2019-10-25T17:49:32.156] Slurmctld shutdown completing with 1 active agent thread
[2019-10-25T17:49:36.259] slurmctld version 19.05.3-2 started on cluster tc
[2019-10-25T17:49:36.259] Munge credential signature plugin loaded
[2019-10-25T17:49:36.262] Consumable Resources (CR) Node Selection plugin loaded with argument 1
[2019-10-25T17:49:36.264] select/cons_tres loaded with argument 1
[2019-10-25T17:49:36.266] Cray/Aries node selection plugin loaded
[2019-10-25T17:49:36.269] Linear node selection plugin loaded with argument 1
[2019-10-25T17:49:36.271] preempt/qos loaded
[2019-10-25T17:49:36.274] ExtSensors NONE plugin loaded
[2019-10-25T17:49:36.276] Accounting storage SLURMDBD plugin loaded
[2019-10-25T17:49:36.282] slurmdbd: recovered 0 pending RPCs
[2019-10-25T17:49:36.788] No memory enforcing mechanism configured.
[2019-10-25T17:49:36.792] layouts: no layout to initialize
[2019-10-25T17:49:36.796] topology NONE plugin loaded
[2019-10-25T17:49:36.823] sched: Backfill scheduler plugin loaded
[2019-10-25T17:49:36.823] route default plugin loaded
[2019-10-25T17:49:36.826] layouts: loading entities/relations information
[2019-10-25T17:49:36.830] Recovered state of 4 nodes
[2019-10-25T17:49:36.832] Down nodes: tc-fs,tc0
[2019-10-25T17:49:36.836] Recovered information about 0 jobs
[2019-10-25T17:49:36.838] cons_res: select_p_node_init
[2019-10-25T17:49:36.841] cons_res: preparing for 2 partitions
[2019-10-25T17:49:36.845] Recovered state of 0 reservations
[2019-10-25T17:49:36.849] State of 0 triggers recovered
[2019-10-25T17:49:36.855] _preserve_plugins: backup_controller not specified
[2019-10-25T17:49:36.857] cons_res: select_p_reconfigure
[2019-10-25T17:49:36.859] cons_res: select_p_node_init
[2019-10-25T17:49:36.862] cons_res: preparing for 2 partitions
[2019-10-25T17:49:36.863] Running as primary controller
[2019-10-25T17:49:36.866] Registering slurmctld at port 6817 with slurmdbd.
[2019-10-25T17:49:37.079] No parameter for mcs plugin, default values set
[2019-10-25T17:49:37.084] mcs: MCSParameters = (null). ondemand set.
[2019-10-25T17:49:51.129] agent/is_node_resp: node:tc1 RPC:REQUEST_NODE_REGISTRATION_STATUS : Communication connection failure
[2019-10-25T17:49:51.129] agent/is_node_resp: node:tc2 RPC:REQUEST_NODE_REGISTRATION_STATUS : Communication connection failure
[2019-10-25T17:49:51.133] agent/is_node_resp: node:tc0 RPC:REQUEST_NODE_REGISTRATION_STATUS : Communication connection failure
[2019-10-25T17:49:51.135] agent/is_node_resp: node:tc-fs RPC:REQUEST_NODE_REGISTRATION_STATUS : Communication connection failure
[2019-10-25T17:50:37.629] error: Nodes tc[1-2] not responding
[2019-10-25T17:50:37.630] SchedulerParameters=default_queue_depth=3600,max_rpc_cnt=0,max_sched_time=2,partition_job_depth=0,sched_max_job_start=0,sched_min_interval=2
[2019-10-25T17:51:37.244] error: Nodes tc[1-2] not responding
[2019-10-25T17:52:07.595] Processing RPC: REQUEST_RECONFIGURE from uid=0
[2019-10-25T17:52:07.602] No memory enforcing mechanism configured.
[2019-10-25T17:52:07.605] layouts: no layout to initialize
[2019-10-25T17:52:07.617] restoring original state of nodes
[2019-10-25T17:52:07.619] cons_res: select_p_node_init
[2019-10-25T17:52:07.621] cons_res: preparing for 2 partitions
[2019-10-25T17:52:07.625] _preserve_plugins: backup_controller not specified
[2019-10-25T17:52:07.627] cons_res: select_p_reconfigure
[2019-10-25T17:52:07.629] cons_res: select_p_node_init
[2019-10-25T17:52:07.631] cons_res: preparing for 2 partitions
[2019-10-25T17:52:07.633] No parameter for mcs plugin, default values set
[2019-10-25T17:52:07.635] mcs: MCSParameters = (null). ondemand set.
[2019-10-25T17:52:07.638] _slurm_rpc_reconfigure_controller: completed usec=43715
[2019-10-25T17:52:08.651] SchedulerParameters=default_queue_depth=3600,max_rpc_cnt=0,max_sched_time=2,partition_job_depth=0,sched_max_job_start=0,sched_min_interval=2
[2019-10-25T17:52:38.008] error: Nodes tc[1-2] not responding
[2019-10-25T17:53:38.787] error: Nodes tc[1-2] not responding
[2019-10-25T17:54:08.907] Processing RPC: REQUEST_RECONFIGURE from uid=0
[2019-10-25T17:54:08.916] No memory enforcing mechanism configured.
[2019-10-25T17:54:08.919] layouts: no layout to initialize
[2019-10-25T17:54:08.931] restoring original state of nodes
[2019-10-25T17:54:08.933] cons_res: select_p_node_init
[2019-10-25T17:54:08.935] cons_res: preparing for 2 partitions
[2019-10-25T17:54:08.938] _preserve_plugins: backup_controller not specified
[2019-10-25T17:54:08.941] cons_res: select_p_reconfigure
[2019-10-25T17:54:08.942] cons_res: select_p_node_init
[2019-10-25T17:54:08.945] cons_res: preparing for 2 partitions
[2019-10-25T17:54:08.947] No parameter for mcs plugin, default values set
[2019-10-25T17:54:08.949] mcs: MCSParameters = (null). ondemand set.
[2019-10-25T17:54:08.952] _slurm_rpc_reconfigure_controller: completed usec=45445
[2019-10-25T17:54:09.162] SchedulerParameters=default_queue_depth=3600,max_rpc_cnt=0,max_sched_time=2,partition_job_depth=0,sched_max_job_start=0,sched_min_interval=2
[2019-10-25T17:54:38.741] error: Nodes tc[1-2] not responding
[2019-10-25T17:55:20.138] Processing RPC: REQUEST_RECONFIGURE from uid=0
[2019-10-25T17:55:20.142] error: If using PrologFlags=Contain for pam_slurm_adopt, either proctrack/cgroup or proctrack/cray_aries is required.  If not using pam_slurm_adopt, please ignore error.
[2019-10-25T17:55:20.145] No memory enforcing mechanism configured.
[2019-10-25T17:55:20.147] layouts: no layout to initialize
[2019-10-25T17:55:20.160] restoring original state of nodes
[2019-10-25T17:55:20.162] cons_res: select_p_node_init
[2019-10-25T17:55:20.164] cons_res: preparing for 2 partitions
[2019-10-25T17:55:20.167] _preserve_plugins: backup_controller not specified
[2019-10-25T17:55:20.170] cons_res: select_p_reconfigure
[2019-10-25T17:55:20.172] cons_res: select_p_node_init
[2019-10-25T17:55:20.174] cons_res: preparing for 2 partitions
[2019-10-25T17:55:20.176] No parameter for mcs plugin, default values set
[2019-10-25T17:55:20.178] mcs: MCSParameters = (null). ondemand set.
[2019-10-25T17:55:20.181] _slurm_rpc_reconfigure_controller: completed usec=43094
[2019-10-25T17:55:21.239] SchedulerParameters=default_queue_depth=3600,max_rpc_cnt=0,max_sched_time=2,partition_job_depth=0,sched_max_job_start=0,sched_min_interval=2
[2019-10-25T17:55:38.451] error: Nodes tc[1-2] not responding
[2019-10-25T17:56:38.213] error: Nodes tc[1-2] not responding
[2019-10-25T17:58:38.677] error: Nodes tc[1-2] not responding
[2019-10-25T17:58:58.939] Reconfigure signal (SIGHUP) received
[2019-10-25T17:58:58.959] error: If using PrologFlags=Contain for pam_slurm_adopt, either proctrack/cgroup or proctrack/cray_aries is required.  If not using pam_slurm_adopt, please ignore error.
[2019-10-25T17:58:58.965] No memory enforcing mechanism configured.
[2019-10-25T17:58:58.969] layouts: no layout to initialize
[2019-10-25T17:58:59.060] restoring original state of nodes
[2019-10-25T17:58:59.060] restoring original partition state
[2019-10-25T17:58:59.100] cons_res: select_p_node_init
[2019-10-25T17:58:59.118] cons_res: preparing for 2 partitions
[2019-10-25T17:58:59.133] _preserve_plugins: backup_controller not specified
[2019-10-25T17:58:59.139] cons_res: select_p_reconfigure
[2019-10-25T17:58:59.151] cons_res: select_p_node_init
[2019-10-25T17:58:59.156] cons_res: preparing for 2 partitions
[2019-10-25T17:58:59.171] No parameter for mcs plugin, default values set
[2019-10-25T17:58:59.186] mcs: MCSParameters = (null). ondemand set.
[2019-10-25T17:58:59.584] Terminate signal (SIGINT or SIGTERM) received
[2019-10-25T17:58:59.657] Saving all slurm state
[2019-10-25T17:59:01.008] slurmdbd: saved 0 pending RPCs
[2019-10-25T17:59:01.103] layouts: all layouts are now unloaded.
